<?xml version="1.0" encoding="UTF-8"?>
<testng-results skipped="0" failed="0" ignored="0" total="1" passed="1">
  <reporter-output>
  </reporter-output>
  <suite name="Default suite" duration-ms="63096" started-at="2019-02-09T17:14:09Z" finished-at="2019-02-09T17:15:12Z">
    <groups>
    </groups>
    <test name="Default test" duration-ms="63096" started-at="2019-02-09T17:14:09Z" finished-at="2019-02-09T17:15:12Z">
      <class name="com.mes.test.regression.login.TestLoginU13456">
        <test-method status="PASS" signature="preCondition()[pri:0, instance:com.mes.test.regression.login.TestLoginU13456@8bd1b6a]" name="preCondition" is-config="true" duration-ms="59053" started-at="2019-02-09T17:14:09Z" finished-at="2019-02-09T17:15:08Z">
          <reporter-output>
          </reporter-output>
        </test-method> <!-- preCondition -->
        <test-method status="PASS" signature="testLoginInvalidTC134579()[pri:0, instance:com.mes.test.regression.login.TestLoginU13456@8bd1b6a]" name="testLoginInvalidTC134579" duration-ms="3889" started-at="2019-02-09T17:15:08Z" finished-at="2019-02-09T17:15:12Z">
          <reporter-output>
          </reporter-output>
        </test-method> <!-- testLoginInvalidTC134579 -->
        <test-method status="PASS" signature="postCondition()[pri:0, instance:com.mes.test.regression.login.TestLoginU13456@8bd1b6a]" name="postCondition" is-config="true" duration-ms="125" started-at="2019-02-09T17:15:12Z" finished-at="2019-02-09T17:15:12Z">
          <reporter-output>
          </reporter-output>
        </test-method> <!-- postCondition -->
      </class> <!-- com.mes.test.regression.login.TestLoginU13456 -->
    </test> <!-- Default test -->
  </suite> <!-- Default suite -->
</testng-results>
